<?xml version="1.0" encoding="UTF-8" ?>
<testsuite tests="4" failures="0" name="tdd.CalculaTest" time="0.106" errors="0" skipped="0">
  <properties>
[...]
</properties>
  <testcase classname="tdd.CalculaTest" name="devuelveCuandoDivisionTengaException" time="0"/>
  <testcase classname="tdd.CalculaTest" name="devuelveSumaOK" time="0"/>
  <testcase classname="tdd.CalculaTest" name="devuelveMultiplicacionOK" time="0.106"/>
  <testcase classname="tdd.CalculaTest" name="devuelveRestaOK" time="0"/>
</testsuite>